\BOOKMARK [1][-]{section.1}{\376\377\000P\000e\000n\000d\000a\000h\000u\000l\000u\000a\000n}{}% 1
\BOOKMARK [2][-]{subsection.1.1}{\376\377\000L\000a\000t\000a\000r\000\040\000B\000e\000l\000a\000k\000a\000n\000g}{section.1}% 2
\BOOKMARK [2][-]{subsection.1.2}{\376\377\000R\000u\000m\000u\000s\000a\000n\000\040\000M\000a\000s\000a\000l\000a\000h}{section.1}% 3
\BOOKMARK [2][-]{subsection.1.3}{\376\377\000T\000u\000j\000u\000a\000n}{section.1}% 4
\BOOKMARK [2][-]{subsection.1.4}{\376\377\000B\000a\000t\000a\000s\000a\000n\000\040\000M\000a\000s\000a\000l\000a\000h}{section.1}% 5
\BOOKMARK [1][-]{section.2}{\376\377\000L\000a\000n\000d\000a\000s\000a\000n\000\040\000T\000e\000o\000r\000i}{}% 6
\BOOKMARK [2][-]{subsection.2.1}{\376\377\000M\000e\000d\000i\000a\000P\000i\000p\000e\000\040\000F\000r\000a\000m\000e\000w\000o\000r\000k}{section.2}% 7
\BOOKMARK [2][-]{subsection.2.2}{\376\377\000H\000a\000n\000d\000\040\000L\000a\000n\000d\000m\000a\000r\000k\000\040\000D\000e\000t\000e\000c\000t\000i\000o\000n}{section.2}% 8
\BOOKMARK [2][-]{subsection.2.3}{\376\377\000P\000o\000s\000e\000\040\000L\000a\000n\000d\000m\000a\000r\000k\000\040\000D\000e\000t\000e\000c\000t\000i\000o\000n}{section.2}% 9
\BOOKMARK [2][-]{subsection.2.4}{\376\377\000F\000a\000c\000e\000\040\000M\000e\000s\000h\000\040\000D\000e\000t\000e\000c\000t\000i\000o\000n}{section.2}% 10
\BOOKMARK [2][-]{subsection.2.5}{\376\377\000F\000i\000s\000t\000\040\000D\000e\000t\000e\000c\000t\000i\000o\000n\000\040\000A\000l\000g\000o\000r\000i\000t\000h\000m}{section.2}% 11
\BOOKMARK [1][-]{section.3}{\376\377\000G\000a\000m\000e\000\040\000D\000e\000s\000i\000g\000n\000\040\000d\000a\000n\000\040\000M\000e\000t\000o\000d\000o\000l\000o\000g\000i}{}% 12
\BOOKMARK [2][-]{subsection.3.1}{\376\377\000K\000o\000n\000s\000e\000p\000\040\000G\000a\000m\000e}{section.3}% 13
\BOOKMARK [2][-]{subsection.3.2}{\376\377\000P\000h\000a\000s\000e\000\040\000S\000y\000s\000t\000e\000m}{section.3}% 14
\BOOKMARK [2][-]{subsection.3.3}{\376\377\000C\000o\000m\000b\000a\000t\000\040\000M\000e\000c\000h\000a\000n\000i\000c\000s}{section.3}% 15
\BOOKMARK [2][-]{subsection.3.4}{\376\377\000D\000i\000f\000f\000i\000c\000u\000l\000t\000y\000\040\000L\000e\000v\000e\000l\000s}{section.3}% 16
\BOOKMARK [2][-]{subsection.3.5}{\376\377\000A\000r\000s\000i\000t\000e\000k\000t\000u\000r\000\040\000S\000i\000s\000t\000e\000m}{section.3}% 17
\BOOKMARK [2][-]{subsection.3.6}{\376\377\000T\000e\000k\000n\000o\000l\000o\000g\000i\000\040\000d\000a\000n\000\040\000L\000i\000b\000r\000a\000r\000y\000\040\000y\000a\000n\000g\000\040\000D\000i\000g\000u\000n\000a\000k\000a\000n}{section.3}% 18
\BOOKMARK [3][-]{subsubsection.3.6.1}{\376\377\000O\000p\000e\000n\000C\000V\000\040\000\050\000o\000p\000e\000n\000c\000v\000-\000p\000y\000t\000h\000o\000n\000\040\0004\000.\0001\0000\000.\0000\000.\0008\0004\000\051}{subsection.3.6}% 19
\BOOKMARK [3][-]{subsubsection.3.6.2}{\376\377\000M\000e\000d\000i\000a\000P\000i\000p\000e\000\040\000\050\000m\000e\000d\000i\000a\000p\000i\000p\000e\000\040\0000\000.\0001\0000\000.\0001\0004\000\051}{subsection.3.6}% 20
\BOOKMARK [3][-]{subsubsection.3.6.3}{\376\377\000N\000u\000m\000P\000y\000\040\000\050\000n\000u\000m\000p\000y\000\040\0001\000.\0002\0006\000.\0004\000\051}{subsection.3.6}% 21
\BOOKMARK [3][-]{subsubsection.3.6.4}{\376\377\000P\000y\000g\000a\000m\000e\000\040\000\050\000p\000y\000g\000a\000m\000e\000\040\0002\000.\0005\000.\0002\000\051}{subsection.3.6}% 22
\BOOKMARK [3][-]{subsubsection.3.6.5}{\376\377\000L\000i\000b\000r\000a\000r\000y\000\040\000P\000e\000n\000d\000u\000k\000u\000n\000g\000\040\000L\000a\000i\000n\000n\000y\000a}{subsection.3.6}% 23
\BOOKMARK [3][-]{subsubsection.3.6.6}{\376\377\000I\000n\000t\000e\000g\000r\000a\000s\000i\000\040\000d\000a\000n\000\040\000D\000e\000p\000e\000n\000d\000e\000n\000c\000y\000\040\000M\000a\000n\000a\000g\000e\000m\000e\000n\000t}{subsection.3.6}% 24
\BOOKMARK [1][-]{section.4}{\376\377\000I\000m\000p\000l\000e\000m\000e\000n\000t\000a\000s\000i}{}% 25
\BOOKMARK [2][-]{subsection.4.1}{\376\377\000S\000t\000r\000u\000k\000t\000u\000r\000\040\000P\000r\000o\000j\000e\000c\000t}{section.4}% 26
\BOOKMARK [2][-]{subsection.4.2}{\376\377\000V\000i\000s\000i\000o\000n\000\040\000S\000y\000s\000t\000e\000m\000\040\000-\000\040\000M\000e\000d\000i\000a\000P\000i\000p\000e\000\040\000I\000n\000t\000e\000g\000r\000a\000t\000i\000o\000n}{section.4}% 27
\BOOKMARK [2][-]{subsection.4.3}{\376\377\000I\000n\000p\000u\000t\000\040\000P\000r\000o\000c\000e\000s\000s\000o\000r\000\040\000-\000\040\000F\000i\000s\000t\000\040\000D\000e\000t\000e\000c\000t\000i\000o\000n}{section.4}% 28
\BOOKMARK [2][-]{subsection.4.4}{\376\377\000H\000i\000t\000b\000o\000x\000\040\000S\000y\000s\000t\000e\000m\000\040\000-\000\040\000S\000e\000q\000u\000e\000n\000t\000i\000a\000l\000\040\000S\000p\000a\000w\000n\000i\000n\000g}{section.4}% 29
\BOOKMARK [2][-]{subsection.4.5}{\376\377\000D\000e\000f\000e\000n\000s\000e\000\040\000S\000y\000s\000t\000e\000m}{section.4}% 30
\BOOKMARK [1][-]{section.5}{\376\377\000H\000a\000s\000i\000l\000\040\000d\000a\000n\000\040\000P\000e\000m\000b\000a\000h\000a\000s\000a\000n}{}% 31
\BOOKMARK [2][-]{subsection.5.1}{\376\377\000H\000a\000s\000i\000l\000\040\000I\000m\000p\000l\000e\000m\000e\000n\000t\000a\000s\000i}{section.5}% 32
\BOOKMARK [2][-]{subsection.5.2}{\376\377\000T\000e\000c\000h\000n\000i\000c\000a\000l\000\040\000A\000c\000h\000i\000e\000v\000e\000m\000e\000n\000t\000s}{section.5}% 33
\BOOKMARK [2][-]{subsection.5.3}{\376\377\000G\000a\000m\000e\000\040\000B\000a\000l\000a\000n\000c\000e\000\040\000A\000n\000a\000l\000y\000s\000i\000s}{section.5}% 34
\BOOKMARK [2][-]{subsection.5.4}{\376\377\000T\000a\000n\000t\000a\000n\000g\000a\000n\000\040\000d\000a\000n\000\040\000S\000o\000l\000u\000s\000i}{section.5}% 35
\BOOKMARK [2][-]{subsection.5.5}{\376\377\000I\000n\000s\000t\000a\000l\000a\000s\000i\000\040\000d\000a\000n\000\040\000C\000a\000r\000a\000\040\000P\000e\000n\000g\000g\000u\000n\000a\000a\000n\000\040\000P\000r\000o\000g\000r\000a\000m}{section.5}% 36
\BOOKMARK [3][-]{subsubsection.5.5.1}{\376\377\000P\000e\000r\000s\000y\000a\000r\000a\000t\000a\000n\000\040\000S\000i\000s\000t\000e\000m}{subsection.5.5}% 37
\BOOKMARK [3][-]{subsubsection.5.5.2}{\376\377\000I\000n\000s\000t\000a\000l\000a\000s\000i\000\040\000M\000a\000n\000u\000a\000l}{subsection.5.5}% 38
\BOOKMARK [3][-]{subsubsection.5.5.3}{\376\377\000V\000i\000r\000t\000u\000a\000l\000\040\000E\000n\000v\000i\000r\000o\000n\000m\000e\000n\000t\000\040\000\050\000R\000e\000c\000o\000m\000m\000e\000n\000d\000e\000d\000\051}{subsection.5.5}% 39
\BOOKMARK [3][-]{subsubsection.5.5.4}{\376\377\000C\000a\000r\000a\000\040\000P\000e\000n\000g\000g\000u\000n\000a\000a\000n}{subsection.5.5}% 40
\BOOKMARK [1][-]{section.6}{\376\377\000K\000e\000s\000i\000m\000p\000u\000l\000a\000n\000\040\000d\000a\000n\000\040\000S\000a\000r\000a\000n}{}% 41
\BOOKMARK [2][-]{subsection.6.1}{\376\377\000K\000e\000s\000i\000m\000p\000u\000l\000a\000n}{section.6}% 42
\BOOKMARK [2][-]{subsection.6.2}{\376\377\000S\000a\000r\000a\000n\000\040\000P\000e\000n\000g\000e\000m\000b\000a\000n\000g\000a\000n}{section.6}% 43
\BOOKMARK [1][-]{section.7}{\376\377\000D\000e\000v\000e\000l\000o\000p\000m\000e\000n\000t\000\040\000L\000o\000g\000b\000o\000o\000k}{}% 44
\BOOKMARK [1][-]{section.8}{\376\377\000P\000e\000m\000b\000a\000g\000i\000a\000n\000\040\000T\000u\000g\000a\000s}{}% 45
\BOOKMARK [1][-]{appendix.A}{\376\377\000L\000a\000m\000p\000i\000r\000a\000n\000:\000\040\000S\000c\000r\000e\000e\000n\000s\000h\000o\000t\000\040\000G\000a\000m\000e}{}% 46
